<?xml version="1.0" encoding="UTF-8"?>
<testsuite name="Realizar busqueda en google" tests="1" skipped="0" failures="0" errors="0" timestamp="2023-04-17T14:13:56" hostname="DESKTOP-04UTULQ" time="8.26">
  <properties/>
  <testcase name="Validar en wikipedia el anio en que se hizo el primer proceso automatico" classname="Realizar busqueda en google" time="8.26"/>
  <system-out><![CDATA[16:13:57.405 [Test worker] DEBUG net.thucydides.core.steps.StepInterceptor - STARTING STEP: BuscarEnGoogleStepDefinitions.queElUsuarioAccedeALaPaginaDeGoogle - performAs
16:13:57.421 [Test worker] DEBUG net.thucydides.core.steps.StepInterceptor - STARTING STEP: Abrir.performAs - {0} opens the #targetPage
16:13:57.768 [Test worker] INFO net.serenitybdd.core.webdriver.driverproviders.ProvideNewDriver - Instantiating driver
16:13:57.768 [Test worker] INFO net.serenitybdd.core.webdriver.driverproviders.ProvideNewDriver - Driver capabilities: Capabilities {acceptInsecureCerts: false, browserName: chrome, chrome.switches: --start-maximized, goog:chromeOptions: {args: [--start-maximized], extensions: []}, loggingPrefs: org.openqa.selenium.logging..., platform: ANY, version: }
16:14:00.174 [Test worker] DEBUG net.serenitybdd.core.photography.Darkroom - Opening darkroom
16:14:00.174 [Darkroom Processing Line] DEBUG net.serenitybdd.core.photography.DarkroomProcessingLine - Darkroom processing line starting up
16:14:00.354 [Test worker] DEBUG net.serenitybdd.core.photography.Darkroom - Send negative for processing for target\site\serenity\cd22d43e780a43fdcd1c139abe6408f86afe961087fa665cd46cfdead3e3078b.png
16:14:00.354 [Darkroom Processing Line] DEBUG net.serenitybdd.core.photography.DarkroomProcessingLine - Processing screenshot image in /var/screenshots/screenshot-6016373550661147279
16:14:00.354 [Darkroom Processing Line] DEBUG net.serenitybdd.core.photography.DarkroomProcessingLine - Saving screenshot to target\site\serenity\cd22d43e780a43fdcd1c139abe6408f86afe961087fa665cd46cfdead3e3078b.png
16:14:00.354 [Test worker] DEBUG net.thucydides.core.steps.StepInterceptor - STEP DONE: {0} opens the #targetPage
16:14:00.369 [Test worker] DEBUG net.serenitybdd.screenplay.targets.IFrameSwitcher - default content already selected for Boton aceptar cookies
16:14:00.490 [Test worker] DEBUG net.thucydides.core.steps.StepInterceptor - STARTING STEP: Abrir.performAs - {0} clicks on #target
16:14:00.490 [Test worker] DEBUG net.serenitybdd.screenplay.targets.IFrameSwitcher - default content already selected for Boton aceptar cookies
16:14:00.812 [Test worker] DEBUG net.serenitybdd.core.photography.Darkroom - Send negative for processing for target\site\serenity\f71976da1fa3c659c44537ebe7b489ecfb92279734926913d66f0b914514d853.png
16:14:00.813 [Test worker] DEBUG net.thucydides.core.steps.StepInterceptor - STEP DONE: {0} clicks on #target
16:14:00.813 [Darkroom Processing Line] DEBUG net.serenitybdd.core.photography.DarkroomProcessingLine - Processing screenshot image in /var/screenshots/screenshot-3686917702132689807
16:14:00.813 [Darkroom Processing Line] DEBUG net.serenitybdd.core.photography.DarkroomProcessingLine - Saving screenshot to target\site\serenity\f71976da1fa3c659c44537ebe7b489ecfb92279734926913d66f0b914514d853.png
16:14:00.822 [Test worker] DEBUG net.thucydides.core.steps.StepInterceptor - STEP DONE: performAs
16:14:00.844 [Test worker] DEBUG net.thucydides.core.steps.StepInterceptor - STARTING STEP: BuscarEnGoogleStepDefinitions.realizaLaBusquedaDeLaPalabra - performAs
16:14:00.897 [Test worker] DEBUG net.thucydides.core.steps.StepInterceptor - STARTING STEP: Realizar.performAs - {0} enters #theTextAsAString into #target
16:14:00.897 [Test worker] DEBUG net.serenitybdd.screenplay.targets.IFrameSwitcher - default content already selected for Buscador de google
16:14:01.219 [Test worker] DEBUG net.serenitybdd.screenplay.targets.IFrameSwitcher - default content already selected for Buscador de google
16:14:03.169 [Test worker] DEBUG net.serenitybdd.core.photography.Darkroom - Send negative for processing for target\site\serenity\97f259457af532495352698dcd2e9addb15baa78295a91d257c6cc57d88c049a.png
16:14:03.169 [Test worker] DEBUG net.thucydides.core.steps.StepInterceptor - STEP DONE: {0} enters #theTextAsAString into #target
16:14:03.169 [Darkroom Processing Line] DEBUG net.serenitybdd.core.photography.DarkroomProcessingLine - Processing screenshot image in /var/screenshots/screenshot-2172389198596687575
16:14:03.169 [Darkroom Processing Line] DEBUG net.serenitybdd.core.photography.DarkroomProcessingLine - Saving screenshot to target\site\serenity\97f259457af532495352698dcd2e9addb15baa78295a91d257c6cc57d88c049a.png
16:14:03.174 [Test worker] DEBUG net.thucydides.core.steps.StepInterceptor - STARTING STEP: Realizar.performAs - {0} clicks on #target
16:14:03.174 [Test worker] DEBUG net.serenitybdd.screenplay.targets.IFrameSwitcher - default content already selected for Resultado buscador de google
16:14:04.034 [Test worker] DEBUG net.serenitybdd.core.photography.Darkroom - Send negative for processing for target\site\serenity\fc8ba80bf78cf8a7f2a2e98f36f5ff6157ecc1307c4ca9845a20fe98d270f0a8.png
16:14:04.034 [Test worker] DEBUG net.thucydides.core.steps.StepInterceptor - STEP DONE: {0} clicks on #target
16:14:04.034 [Darkroom Processing Line] DEBUG net.serenitybdd.core.photography.DarkroomProcessingLine - Processing screenshot image in /var/screenshots/screenshot-6101095808275175724
16:14:04.034 [Darkroom Processing Line] DEBUG net.serenitybdd.core.photography.DarkroomProcessingLine - Saving screenshot to target\site\serenity\fc8ba80bf78cf8a7f2a2e98f36f5ff6157ecc1307c4ca9845a20fe98d270f0a8.png
16:14:04.048 [Test worker] DEBUG net.serenitybdd.screenplay.targets.IFrameSwitcher - default content already selected for Titulo obtenido que me permite realizar scroll
16:14:04.289 [Test worker] DEBUG net.serenitybdd.core.photography.Darkroom - Send negative for processing for target\site\serenity\bcc1806140ce0d4809e7925ba505ecd7c74cf516c55a002fda0a714abf7d9b10.png
16:14:04.289 [Test worker] DEBUG net.thucydides.core.steps.StepInterceptor - STEP DONE: performAs
16:14:04.289 [Darkroom Processing Line] DEBUG net.serenitybdd.core.photography.DarkroomProcessingLine - Processing screenshot image in /var/screenshots/screenshot-8039882596499279210
16:14:04.289 [Darkroom Processing Line] DEBUG net.serenitybdd.core.photography.DarkroomProcessingLine - Saving screenshot to target\site\serenity\bcc1806140ce0d4809e7925ba505ecd7c74cf516c55a002fda0a714abf7d9b10.png
16:14:04.366 [Test worker] DEBUG net.serenitybdd.screenplay.targets.IFrameSwitcher - default content already selected for Texto mensaje de validación del año del primer proceso automatico
16:14:04.533 [Test worker] DEBUG net.serenitybdd.core.photography.Darkroom - Send negative for processing for target\site\serenity\bcc1806140ce0d4809e7925ba505ecd7c74cf516c55a002fda0a714abf7d9b10.png
16:14:05.252 [Test worker] INFO net.thucydides.core.steps.ConsoleLoggingListener - 
        __    _____ _____ ____ _____   ____   _    ____  ____  _____ ____  
  _     \ \  |_   _| ____/ ___|_   _| |  _ \ / \  / ___|/ ___|| ____|  _ \ 
 (_)_____| |   | | |  _| \___ \ | |   | |_) / _ \ \___ \\___ \|  _| | | | |
  _|_____| |   | | | |___ ___) || |   |  __/ ___ \ ___) |___) | |___| |_| |
 (_)     | |   |_| |_____|____/ |_|   |_| /_/   \_\____/|____/|_____|____/ 
        /_/                                                                

TEST PASSED: Validar en wikipedia el anio en que se hizo el primer proceso automatico
----------------------------------------------------------------------------
]]></system-out>
  <system-err><![CDATA[abr 17, 2023 4:13:57 PM org.openqa.selenium.remote.DesiredCapabilities chrome
INFORMACIÓN: Using `new ChromeOptions()` is preferred to `DesiredCapabilities.chrome()`
Starting ChromeDriver 112.0.5615.49 (bd2a7bcb881c11e8cfe3078709382934e3916914-refs/branch-heads/5615@{#936}) on port 16613
Only local connections are allowed.
Please see https://chromedriver.chromium.org/security-considerations for suggestions on keeping ChromeDriver safe.
ChromeDriver was started successfully.
abr 17, 2023 4:13:59 PM org.openqa.selenium.remote.ProtocolHandshake createSession
INFORMACIÓN: Detected dialect: W3C
]]></system-err>
</testsuite>
