<?xml version="1.0" encoding="UTF-8"?>
<testsuite name="co.com.proyectobase.screenplay.runners.BuscarEnGoogleRunner" tests="0" skipped="0" failures="0" errors="0" timestamp="1970-01-01T00:00:00" hostname="DESKTOP-04UTULQ" time="0.0">
  <properties/>
  <system-out><![CDATA[16:13:56.577 [Test worker] DEBUG net.thucydides.core.util.PropertiesFileLocalPreferences - LOADING LOCAL PROPERTIES FROM D:\PRUEBATECNICA\Punto 1.2\pruebainditex\serenity.properties 
16:13:56.636 [Test worker] DEBUG net.thucydides.core.util.PropertiesFileLocalPreferences - LOADING LOCAL PROPERTIES FROM D:\PRUEBATECNICA\Punto 1.2\pruebainditex\serenity.properties 
16:13:56.636 [Test worker] DEBUG net.thucydides.core.util.PropertiesFileLocalPreferences - LOADING LOCAL PROPERTIES FROM D:\PRUEBATECNICA\Punto 1.2\pruebainditex\serenity.properties 
16:13:56.636 [Test worker] DEBUG net.thucydides.core.util.PropertiesFileLocalPreferences - webdriver.driver=chrome
16:13:56.636 [Test worker] DEBUG net.thucydides.core.util.PropertiesFileLocalPreferences - webdriver.chrome.driver=src/test/resources/driver/chromedriver.exe
16:13:56.636 [Test worker] DEBUG net.thucydides.core.util.PropertiesFileLocalPreferences - feature.file.encoding=UTF8
16:13:56.636 [Test worker] DEBUG net.thucydides.core.util.PropertiesFileLocalPreferences - serenity.report.encoding=UTF8
16:13:56.636 [Test worker] DEBUG net.thucydides.core.util.PropertiesFileLocalPreferences - chrome.switches=--start-maximized
16:13:56.636 [Test worker] DEBUG net.thucydides.core.util.PropertiesFileLocalPreferences - serenity.test.root=net.thucydides.showcase.cucumber.junit
16:13:56.636 [Test worker] DEBUG net.thucydides.core.util.PropertiesFileLocalPreferences - serenity.verbose.steps=FALSE
16:13:56.636 [Test worker] DEBUG net.thucydides.core.util.PropertiesFileLocalPreferences - serenity.project.name=Prueba tecnica inditex usando Serenity and Cucumber
16:13:56.636 [Test worker] DEBUG net.thucydides.core.util.PropertiesFileLocalPreferences - serenity.take.screenshots=AFTER_EACH_STEP
16:13:56.636 [Test worker] DEBUG net.thucydides.core.util.PropertiesFileLocalPreferences - webdriver.timeouts.implicitlywait=10000
16:13:56.867 [Test worker] DEBUG net.thucydides.core.util.PropertiesFileLocalPreferences - LOADING LOCAL PROPERTIES FROM D:\PRUEBATECNICA\Punto 1.2\pruebainditex\serenity.properties 
16:13:56.883 [Test worker] DEBUG net.thucydides.core.util.PropertiesFileLocalPreferences - LOADING LOCAL PROPERTIES FROM D:\PRUEBATECNICA\Punto 1.2\pruebainditex\serenity.properties 
16:13:56.883 [Test worker] DEBUG net.thucydides.core.util.PropertiesFileLocalPreferences - LOADING LOCAL PROPERTIES FROM D:\PRUEBATECNICA\Punto 1.2\pruebainditex\serenity.properties 
16:13:56.887 [Test worker] DEBUG net.thucydides.core.util.PropertiesFileLocalPreferences - webdriver.driver=chrome
16:13:56.887 [Test worker] DEBUG net.thucydides.core.util.PropertiesFileLocalPreferences - webdriver.chrome.driver=src/test/resources/driver/chromedriver.exe
16:13:56.887 [Test worker] DEBUG net.thucydides.core.util.PropertiesFileLocalPreferences - feature.file.encoding=UTF8
16:13:56.887 [Test worker] DEBUG net.thucydides.core.util.PropertiesFileLocalPreferences - serenity.report.encoding=UTF8
16:13:56.887 [Test worker] DEBUG net.thucydides.core.util.PropertiesFileLocalPreferences - chrome.switches=--start-maximized
16:13:56.889 [Test worker] DEBUG net.thucydides.core.util.PropertiesFileLocalPreferences - serenity.test.root=net.thucydides.showcase.cucumber.junit
16:13:56.889 [Test worker] DEBUG net.thucydides.core.util.PropertiesFileLocalPreferences - serenity.verbose.steps=FALSE
16:13:56.889 [Test worker] DEBUG net.thucydides.core.util.PropertiesFileLocalPreferences - serenity.project.name=Prueba tecnica inditex usando Serenity and Cucumber
16:13:56.889 [Test worker] DEBUG net.thucydides.core.util.PropertiesFileLocalPreferences - serenity.take.screenshots=AFTER_EACH_STEP
16:13:56.889 [Test worker] DEBUG net.thucydides.core.util.PropertiesFileLocalPreferences - webdriver.timeouts.implicitlywait=10000
16:13:56.890 [Test worker] INFO net.thucydides.core.steps.ConsoleLoggingListener - 

-------------------------------------------------------------------------------------
     _______. _______ .______       _______ .__   __.  __  .___________.____    ____ 
    /       ||   ____||   _  \     |   ____||  \ |  | |  | |           |\   \  /   / 
   |   (----`|  |__   |  |_)  |    |  |__   |   \|  | |  | `---|  |----` \   \/   /  
    \   \    |   __|  |      /     |   __|  |  . `  | |  |     |  |       \_    _/   
.----)   |   |  |____ |  |\  \----.|  |____ |  |\   | |  |     |  |         |  |     
|_______/    |_______|| _| `._____||_______||__| \__| |__|     |__|         |__|    
                                                                                     
 News and tutorials at http://www.serenity-bdd.info                                  
 Documentation at https://wakaleo.gitbooks.io/the-serenity-book/content/             
 Join the Serenity Community on Rocket Chat at https://serenity-bdd.rocket.chat      
 Serenity BDD Support and Training at http://serenity-bdd.info/#/trainingandsupport  
 Learn Serenity BDD online at http://serenity-dojo.com                               
-------------------------------------------------------------------------------------

16:13:56.890 [Test worker] DEBUG net.thucydides.core.steps.StepEventBus - Test suite started for story net.thucydides.core.model.Story@dda55647
16:13:56.890 [Test worker] INFO net.thucydides.core.steps.ConsoleLoggingListener - Test Suite Started: Realizar busqueda en google
16:13:56.936 [Test worker] INFO net.thucydides.core.steps.ConsoleLoggingListener - 
 _____ _____ ____ _____   ____ _____  _    ____ _____ _____ ____  
|_   _| ____/ ___|_   _| / ___|_   _|/ \  |  _ \_   _| ____|  _ \ 
  | | |  _| \___ \ | |   \___ \ | | / _ \ | |_) || | |  _| | | | |
  | | | |___ ___) || |    ___) || |/ ___ \|  _ < | | | |___| |_| |
  |_| |_____|____/ |_|   |____/ |_/_/   \_\_| \_\|_| |_____|____/ 
                                                                  

TEST STARTED: Validar en wikipedia el anio en que se hizo el primer proceso automatico
-------------------------------------------------------------------(realizar-busqueda-en-google;validar-en-wikipedia-el-anio-en-que-se-hizo-el-primer-proceso-automatico)
16:13:56.984 [Test worker] DEBUG net.thucydides.core.requirements.model.cucumber.CucumberParser - Found no Cucumber 4.2.6 class cucumber.runtime.model.FeatureLoader try Cucumber 4.2.0 
16:13:56.984 [Test worker] DEBUG net.thucydides.core.requirements.model.cucumber.CucumberParser - Found no Cucumber 4.2.0 class cucumber.runtime.model.FeatureLoader try Cucumber 2.x.x 
16:14:05.252 [Test worker] DEBUG net.thucydides.core.reports.ReportService - Reporting formats: [JSON, HTML]
16:14:05.315 [Test worker] DEBUG net.thucydides.core.reports.ReportService - Reporting formats: [JSON, HTML]
16:14:05.315 [Test worker] DEBUG net.thucydides.core.reports.ReportService - Generating reports for 1 test outcomes using: net.thucydides.core.reports.json.JSONTestOutcomeReporter@229ce9a4
16:14:05.315 [pool-1-thread-1] DEBUG net.thucydides.core.reports.ReportService - Processing test outcome Realizar busqueda en google:Validar en wikipedia el anio en que se hizo el primer proceso automatico
16:14:05.315 [pool-1-thread-1] DEBUG net.thucydides.core.reports.ReportService - net.thucydides.core.reports.json.JSONTestOutcomeReporter@229ce9a4: Generating report for test outcome: Realizar busqueda en google:Validar en wikipedia el anio en que se hizo el primer proceso automatico
16:14:05.331 [pool-1-thread-1] DEBUG net.thucydides.core.reports.json.JSONTestOutcomeReporter - Generating JSON report for Validar en wikipedia el anio en que se hizo el primer proceso automatico to file D:\PRUEBATECNICA\Punto 1.2\pruebainditex\target\site\serenity\3410aa41943285f67b3b26cd68e08d8f8a18df20c9ca1c59893d99c9ea5d9db4.json (using temp file D:\PRUEBATECNICA\Punto 1.2\pruebainditex\target\site\serenity\3410aa41943285f67b3b26cd68e08d8f8a18df20c9ca1c59893d99c9ea5d9db4.jsonf9e98b18-7d83-44a5-8236-ad821aa06cc4)
16:14:05.354 [pool-1-thread-1] DEBUG net.thucydides.core.reports.ReportService - Processing test outcome Realizar busqueda en google:Validar en wikipedia el anio en que se hizo el primer proceso automatico done
16:14:05.354 [Test worker] DEBUG net.thucydides.core.reports.ReportService - Shutting down executor service
16:14:05.354 [Test worker] DEBUG net.thucydides.core.reports.ReportService - Reports generated in: 39 ms
16:14:05.354 [Test worker] DEBUG net.thucydides.core.reports.ReportService - Generating reports for 1 test outcomes using: net.thucydides.core.reports.html.HtmlAcceptanceTestReporter@1ca05341
16:14:05.359 [pool-2-thread-1] DEBUG net.thucydides.core.reports.ReportService - Processing test outcome Realizar busqueda en google:Validar en wikipedia el anio en que se hizo el primer proceso automatico
16:14:05.359 [pool-2-thread-1] DEBUG net.thucydides.core.reports.ReportService - net.thucydides.core.reports.html.HtmlAcceptanceTestReporter@1ca05341: Generating report for test outcome: Realizar busqueda en google:Validar en wikipedia el anio en que se hizo el primer proceso automatico
16:14:05.359 [pool-2-thread-1] DEBUG net.thucydides.core.reports.html.HtmlAcceptanceTestReporter - GENERATE TEST OUTCOME REPORT FOR Validar en wikipedia el anio en que se hizo el primer proceso automatico in 3410aa41943285f67b3b26cd68e08d8f8a18df20c9ca1c59893d99c9ea5d9db4
16:14:05.359 [pool-2-thread-1] INFO net.thucydides.core.requirements.PackageRequirementsTagProvider - Loading requirements from package requirements at: net.thucydides.showcase.cucumber.junit
16:14:05.653 [pool-2-thread-1] DEBUG net.thucydides.core.requirements.model.cucumber.CucumberParser - Found no Cucumber 4.2.6 class cucumber.runtime.model.FeatureLoader try Cucumber 4.2.0 
16:14:05.653 [pool-2-thread-1] DEBUG net.thucydides.core.requirements.model.cucumber.CucumberParser - Found no Cucumber 4.2.0 class cucumber.runtime.model.FeatureLoader try Cucumber 2.x.x 
16:14:05.653 [pool-2-thread-1] DEBUG net.thucydides.core.requirements.RequirementsTagProvider -  found:[Requirement{name='Realizar busqueda en google', type='feature' parent = 'null', cardNumber='null'}]
16:14:05.672 [pool-2-thread-1] DEBUG net.thucydides.core.requirements.BaseRequirementsService - Requirement found for test outcome Validar en wikipedia el anio en que se hizo el primer proceso automatico-[]: Optional[Requirement{name='Realizar busqueda en google', type='feature' parent = 'null', cardNumber='null'}]
16:14:05.672 [pool-2-thread-1] DEBUG net.thucydides.core.requirements.BaseRequirementsService - Requirement found for test outcome Validar en wikipedia el anio en que se hizo el primer proceso automatico-[]: Optional[Requirement{name='Realizar busqueda en google', type='feature' parent = 'null', cardNumber='null'}]
16:14:05.689 [pool-2-thread-1] DEBUG net.thucydides.core.requirements.BaseRequirementsService - Requirement found for test outcome Validar en wikipedia el anio en que se hizo el primer proceso automatico-[]: Optional[Requirement{name='Realizar busqueda en google', type='feature' parent = 'null', cardNumber='null'}]
16:14:05.703 [pool-2-thread-1] DEBUG net.thucydides.core.requirements.BaseRequirementsService - Requirement found for test outcome Validar en wikipedia el anio en que se hizo el primer proceso automatico-[]: Optional[Requirement{name='Realizar busqueda en google', type='feature' parent = 'null', cardNumber='null'}]
16:14:05.703 [pool-2-thread-1] DEBUG net.thucydides.core.reports.html.HtmlAcceptanceTestReporter - Generating report in 3410aa41943285f67b3b26cd68e08d8f8a18df20c9ca1c59893d99c9ea5d9db4_screenshots.html
16:14:05.937 [pool-2-thread-1] DEBUG net.thucydides.core.reports.html.HtmlAcceptanceTestReporter - Generated report 3410aa41943285f67b3b26cd68e08d8f8a18df20c9ca1c59893d99c9ea5d9db4_screenshots.html in 234 ms
16:14:05.937 [pool-2-thread-1] DEBUG net.thucydides.core.reports.html.HtmlAcceptanceTestReporter - GENERATING HTML REPORT FOR Realizar busqueda en google:Validar en wikipedia el anio en que se hizo el primer proceso automatico in 3410aa41943285f67b3b26cd68e08d8f8a18df20c9ca1c59893d99c9ea5d9db4.html in directory target\site\serenity  
16:14:06.140 [pool-2-thread-1] DEBUG net.thucydides.core.reports.html.HtmlAcceptanceTestReporter - Generating report in 3410aa41943285f67b3b26cd68e08d8f8a18df20c9ca1c59893d99c9ea5d9db4.html
16:14:06.222 [pool-2-thread-1] DEBUG net.thucydides.core.reports.html.HtmlAcceptanceTestReporter - Generated report 3410aa41943285f67b3b26cd68e08d8f8a18df20c9ca1c59893d99c9ea5d9db4.html in 82 ms
16:14:06.223 [pool-2-thread-1] DEBUG net.thucydides.core.reports.ReportService - Processing test outcome Realizar busqueda en google:Validar en wikipedia el anio en que se hizo el primer proceso automatico done
16:14:06.223 [Test worker] DEBUG net.thucydides.core.reports.ReportService - Shutting down executor service
16:14:06.223 [Test worker] DEBUG net.thucydides.core.reports.ReportService - Reports generated in: 869 ms
16:14:06.317 [Test worker] DEBUG net.serenitybdd.core.photography.Darkroom - Closing darkroom
16:14:06.317 [Darkroom Processing Line] DEBUG net.serenitybdd.core.photography.DarkroomProcessingLine - Darkroom processing line shutting down

1 Scenarios (?[32m1 passed?[0m)
3 Steps (?[32m3 passed?[0m)
0m8,469s

]]></system-out>
  <system-err><![CDATA[]]></system-err>
</testsuite>
